<?xml version="1.0" encoding="UTF-8"?>
<!-- Generated by org.testng.reporters.JUnitReportReporter -->
<testsuite hostname="vijay-PC" name="com.inetbanking.testCases.TC_Logintest_01" tests="1" failures="0" timestamp="14 Jun 2021 05:20:25 GMT" time="2.412" errors="0">
  <testcase name="loginTest" time="2.412" classname="com.inetbanking.testCases.TC_Logintest_01"/>
</testsuite> <!-- com.inetbanking.testCases.TC_Logintest_01 -->
